*3
set
"user_key"
{"name":"hello","y":999,"x":999,"uid":10003,"sceneId":1}
*2
updateUser
{"name":"hello","y":999,"x":999,"uid":10003,"sceneId":1}
*2
updateUser
{"name":"hello","y":999,"x":888,"uid":10003,"sceneId":1}
*2
updateUser
{"name":"hello","y":999,"x":9999,"uid":10003,"sceneId":1}
*3
set
"user_key"
{"name":"hello","y":999,"x":999,"uid":10003,"sceneId":1}
*2
updateUser
{"name":"hello","y":999,"x":999,"uid":10003,"sceneId":1}
*2
updateUser
{"name":"hello","y":999,"x":888,"uid":10003,"sceneId":1}
*2
updateUser
{"name":"hello","y":999,"x":9999,"uid":10003,"sceneId":1}
*3
set
"user_key"
{"name":"hello","y":999,"x":999,"uid":10003,"sceneId":1}
*2
updateUser
{"name":"hello","y":999,"x":888,"uid":10003,"sceneId":1}
*2
updateUser
{"name":"hello","y":999,"x":9999,"uid":10003,"sceneId":1}
*3
set
"user_key"
{"name":"hello","y":999,"x":999,"uid":10003,"sceneId":1}
*2
updateUser
{"name":"hello","y":999,"x":888,"uid":10003,"sceneId":1}
*2
updateUser
{"name":"hello","y":999,"x":999,"uid":10003,"sceneId":1}
*3
set
"user_key"
{"name":"hello","y":999,"x":999,"uid":10003,"sceneId":1}
*2
updateUser
{"name":"hello","y":999,"x":888,"uid":10003,"sceneId":1}
*2
updateUser
{"name":"hello","y":999,"x":999,"uid":10003,"sceneId":1}
*3
set
"user_key"
{"name":"hello","y":999,"x":999,"uid":10003,"sceneId":1}
*2
updateUser
{"name":"hello","y":999,"x":888,"uid":10003,"sceneId":1}
*2
updateUser
{"name":"hello","y":999,"x":999,"uid":10003,"sceneId":1}
*3
set
"user_key"
{"name":"hello","y":999,"x":999,"uid":10003,"sceneId":1}
*2
updateUser
{"name":"hello","y":999,"x":888,"uid":10003,"sceneId":1}
*NaN
updateUser_remove
*2
updateUser
{"name":"hello","y":999,"x":999,"uid":10003,"sceneId":1}
*3
set
"user_key"
{"name":"hello","y":999,"x":999,"uid":10003,"sceneId":1}
*2
updateUser
{"name":"hello","y":999,"x":888,"uid":10003,"sceneId":1}
*3
set
"user_key"
{"name":"hello","y":999,"x":999,"uid":10003,"sceneId":1}
*2
updateUser
{"name":"hello","y":999,"x":888,"uid":10003,"sceneId":1}
*3
set
"user_key"
{"name":"hello","y":999,"x":999,"uid":10003,"sceneId":1}
*2
updateUser
{"name":"hello","y":777,"x":888,"uid":10003,"sceneId":1}
